<?xml version="1.0" encoding="UTF-8"?>
<testsuite xmlns:xsi="http://www.w3.org/2001/XMLSchema-instance" xsi:noNamespaceSchemaLocation="https://maven.apache.org/surefire/maven-surefire-plugin/xsd/surefire-test-report.xsd" name="FaradayTest" time="1.445" tests="6" errors="0" skipped="0" failures="0">
  <properties>
[...]
</properties>
  <testcase name="createTableWithNotNullColumn" classname="FaradayTest" time="0.14"/>
  <testcase name="insertDataWithUpperCase" classname="FaradayTest" time="0.022"/>
  <testcase name="testUpdateTable" classname="FaradayTest" time="0.167"/>
  <testcase name="testMultipleDataTypeEntry" classname="FaradayTest" time="0.097"/>
  <testcase name="testSingleDataTypeEntry" classname="FaradayTest" time="0.376"/>
  <testcase name="createTableWithUniqueColumn" classname="FaradayTest" time="0.04"/>
</testsuite>